#
# There is insufficient memory for the Java Runtime Environment to continue.
# Native memory allocation (malloc) failed to allocate 1048576 bytes for AllocateHeap
# Possible reasons:
#   The system is out of physical RAM or swap space
#   In 32 bit mode, the process size limit was hit
# Possible solutions:
#   Reduce memory load on the system
#   Increase physical memory or swap space
#   Check if swap backing store is full
#   Use 64 bit Java on a 64 bit OS
#   Decrease Java heap size (-Xmx/-Xms)
#   Decrease number of Java threads
#   Decrease Java thread stack sizes (-Xss)
#   Set larger code cache with -XX:ReservedCodeCacheSize=
# This output file may be truncated or incomplete.
#
#  Out of Memory Error (memory/allocation.inline.hpp:61), pid=37196, tid=0x000000000000b6fc
#
# JRE version:  (8.0) (build )
# Java VM: OpenJDK 64-Bit Server VM (25.71-b00 mixed mode windows-amd64 compressed oops)
# Failed to write core dump. Minidumps are not enabled by default on client versions of Windows
#

---------------  T H R E A D  ---------------

Current thread (0x000000000336e800):  JavaThread "Unknown thread" [_thread_in_vm, id=46844, stack(0x0000000003200000,0x0000000003300000)]

Stack: [0x0000000003200000,0x0000000003300000]
[error occurred during error reporting (printing stack bounds), id 0xc0000005]

Native frames: (J=compiled Java code, j=interpreted, Vv=VM code, C=native code)


---------------  P R O C E S S  ---------------

Java Threads: ( => current thread )

Other Threads:

=>0x000000000336e800 (exited) JavaThread "Unknown thread" [_thread_in_vm, id=46844, stack(0x0000000003200000,0x0000000003300000)]

VM state:not at safepoint (normal execution)

VM Mutex/Monitor currently owned by a thread: None

Heap:
 PSYoungGen      total 76288K, used 1310K [0x000000076b180000, 0x0000000770680000, 0x00000007c0000000)
  eden space 65536K, 2% used [0x000000076b180000,0x000000076b2c7af0,0x000000076f180000)
  from space 10752K, 0% used [0x000000076fc00000,0x000000076fc00000,0x0000000770680000)
  to   space 10752K, 0% used [0x000000076f180000,0x000000076f180000,0x000000076fc00000)
 ParOldGen       total 175104K, used 0K [0x00000006c1400000, 0x00000006cbf00000, 0x000000076b180000)
  object space 175104K, 0% used [0x00000006c1400000,0x00000006c1400000,0x00000006cbf00000)
 Metaspace       used 777K, capacity 4480K, committed 4480K, reserved 1056768K
  class space    used 74K, capacity 384K, committed 384K, reserved 1048576K

Card table byte_map: [0x0000000012830000,0x0000000013030000] byte_map_base: 0x000000000f226000

Marking Bits: (ParMarkBitMap*) 0x00000000608cbe50
 Begin Bits: [0x0000000013f80000, 0x0000000017f30000)
 End Bits:   [0x0000000017f30000, 0x000000001bee0000)

Polling page: 0x00000000018f0000

CodeCache: size=245760Kb used=327Kb max_used=327Kb free=245432Kb
 bounds [0x0000000003470000, 0x00000000036e0000, 0x0000000012470000]
 total_blobs=56 nmethods=0 adapters=38
 compilation: enabled

Compilation events (0 events):
No events

GC Heap History (0 events):
No events

Deoptimization events (0 events):
No events

Classes redefined (0 events):
No events

Internal exceptions (0 events):
No events

Events (10 events):
Event: 0.015 loading class java/lang/Short
Event: 0.015 loading class java/lang/Short done
Event: 0.015 loading class java/lang/Integer
Event: 0.015 loading class java/lang/Integer done
Event: 0.015 loading class java/lang/Long
Event: 0.015 loading class java/lang/Long done
Event: 0.016 loading class java/lang/NullPointerException
Event: 0.016 loading class java/lang/NullPointerException done
Event: 0.016 loading class java/lang/ArithmeticException
Event: 0.016 loading class java/lang/ArithmeticException done


Dynamic libraries:
0x00007ff60c880000 - 0x00007ff60c8b5000 	D:\Unity 2020.3.22f1\2020.3.24f1\Editor\Data\PlaybackEngines\AndroidPlayer\OpenJDK\bin\java.exe
0x00007ffee90d0000 - 0x00007ffee92c5000 	C:\Windows\SYSTEM32\ntdll.dll
0x00007ffee8290000 - 0x00007ffee834e000 	C:\Windows\System32\KERNEL32.DLL
0x00007ffee6930000 - 0x00007ffee6bf8000 	C:\Windows\System32\KERNELBASE.dll
0x00007ffee3e40000 - 0x00007ffee3ed0000 	C:\Windows\SYSTEM32\apphelp.dll
0x00007ffee7ef0000 - 0x00007ffee7f9c000 	C:\Windows\System32\ADVAPI32.dll
0x00007ffee8140000 - 0x00007ffee81de000 	C:\Windows\System32\msvcrt.dll
0x00007ffee80a0000 - 0x00007ffee813b000 	C:\Windows\System32\sechost.dll
0x00007ffee8e10000 - 0x00007ffee8f3a000 	C:\Windows\System32\RPCRT4.dll
0x00007ffee7d40000 - 0x00007ffee7ee1000 	C:\Windows\System32\USER32.dll
0x00007ffee6c90000 - 0x00007ffee6cb2000 	C:\Windows\System32\win32u.dll
0x00007ffee8430000 - 0x00007ffee845b000 	C:\Windows\System32\GDI32.dll
0x00007ffee6cc0000 - 0x00007ffee6dcd000 	C:\Windows\System32\gdi32full.dll
0x00007ffee6dd0000 - 0x00007ffee6e6d000 	C:\Windows\System32\msvcp_win.dll
0x00007ffee67e0000 - 0x00007ffee68e0000 	C:\Windows\System32\ucrtbase.dll
0x00007ffed64b0000 - 0x00007ffed674a000 	C:\Windows\WinSxS\amd64_microsoft.windows.common-controls_6595b64144ccf1df_6.0.19041.1110_none_60b5254171f9507e\COMCTL32.dll
0x00007ffee9060000 - 0x00007ffee9090000 	C:\Windows\System32\IMM32.DLL
0x0000000060950000 - 0x0000000060a22000 	D:\Unity 2020.3.22f1\2020.3.24f1\Editor\Data\PlaybackEngines\AndroidPlayer\OpenJDK\jre\bin\msvcr100.dll
0x0000000060100000 - 0x0000000060949000 	D:\Unity 2020.3.22f1\2020.3.24f1\Editor\Data\PlaybackEngines\AndroidPlayer\OpenJDK\jre\bin\server\jvm.dll
0x00007ffee7110000 - 0x00007ffee7118000 	C:\Windows\System32\PSAPI.DLL
0x00007ffee3da0000 - 0x00007ffee3da9000 	C:\Windows\SYSTEM32\WSOCK32.dll
0x00007ffedf8f0000 - 0x00007ffedf8fa000 	C:\Windows\SYSTEM32\VERSION.dll
0x00007ffedd5f0000 - 0x00007ffedd617000 	C:\Windows\SYSTEM32\WINMM.dll
0x00007ffee7fa0000 - 0x00007ffee800b000 	C:\Windows\System32\WS2_32.dll
0x00007ffee3d60000 - 0x00007ffee3d6f000 	D:\Unity 2020.3.22f1\2020.3.24f1\Editor\Data\PlaybackEngines\AndroidPlayer\OpenJDK\jre\bin\verify.dll
0x00007ffe847a0000 - 0x00007ffe847c9000 	D:\Unity 2020.3.22f1\2020.3.24f1\Editor\Data\PlaybackEngines\AndroidPlayer\OpenJDK\jre\bin\java.dll
0x00007ffe84780000 - 0x00007ffe84796000 	D:\Unity 2020.3.22f1\2020.3.24f1\Editor\Data\PlaybackEngines\AndroidPlayer\OpenJDK\jre\bin\zip.dll

VM Arguments:
jvm_args: -Dfile.encoding=UTF-8 
java_command: <unknown>
java_class_path (initial): .
Launcher Type: SUN_STANDARD

Environment Variables:
JAVA_HOME=D:\Unity 2020.3.22f1\2020.3.24f1\Editor\Data\PlaybackEngines\AndroidPlayer\OpenJDK
JAVA_TOOL_OPTIONS=-Dfile.encoding=UTF-8
PATH=C:\Program Files\Oculus\Support\oculus-runtime;C:\Program Files (x86)\NVIDIA Corporation\PhysX\Common;C:\Program Files (x86)\Razer Chroma SDK\bin;C:\Program Files\Razer Chroma SDK\bin;C:\Program Files (x86)\Razer\ChromaBroadcast\bin;C:\Program Files\Razer\ChromaBroadcast\bin;C:\Windows\system32;C:\Windows;C:\Windows\System32\Wbem;C:\Windows\System32\WindowsPowerShell\v1.0\;C:\Windows\System32\OpenSSH\;C:\Program Files\nodejs\;C:\Windows\system32\config\systemprofile\AppData\Local\Microsoft\WindowsApps;C:\Program Files (x86)\Steam\steamapps\common\SteamVR\bin\win64;C:\Program Files\Git\cmd;C:\Program Files (x86)\Windows Kits\10\Windows Performance Toolkit\;C:\Users\Cronbusk\AppData\Local\Microsoft\WindowsApps;C:\Users\Cronbusk\AppData\Roaming\npm;C:\Users\Cronbusk\AppData\Local\Programs\Microsoft VS Code\bin;C:\Users\Cronbusk\AppData\Local\GitHubDesktop\bin
USERNAME=Cronbusk
OS=Windows_NT
PROCESSOR_IDENTIFIER=AMD64 Family 23 Model 8 Stepping 2, AuthenticAMD



---------------  S Y S T E M  ---------------

OS: Windows 10.0 , 64 bit Build 19041 (10.0.19041.1348)

CPU:total 12 (initial active 12) (12 cores per cpu, 1 threads per core) family 23 model 8 stepping 2, cmov, cx8, fxsr, mmx, sse, sse2, sse3, ssse3, sse4.1, sse4.2, popcnt, avx, avx2, aes, clmul, mmxext, 3dnowpref, lzcnt, sse4a, tsc, tscinvbit, tscinv, bmi1

Memory: 4k page, physical 16689008k(4510120k free), swap 54815212k(5404k free)

vm_info: OpenJDK 64-Bit Server VM (25.71-b00) for windows-amd64 JRE (1.8.0-adoptopenjdk-_2018_05_19_00_59-b00), built on May 19 2018 01:02:12 by "jenkins" with MS VC++ 10.0 (VS2010)

time: Wed Dec 22 13:02:32 2021
elapsed time: 0 seconds (0d 0h 0m 0s)

